<?xml version="1.0" encoding="UTF-8"?>
<testsuite xmlns:xsi="http://www.w3.org/2001/XMLSchema-instance" xsi:noNamespaceSchemaLocation="https://maven.apache.org/surefire/maven-surefire-plugin/xsd/surefire-test-report.xsd" version="3.0.2" name="com.vrms.ngo_posting_service.NgoPostingServiceApplicationTests" time="12.067" tests="1" errors="0" skipped="0" failures="0">
  <properties>
[...]
</properties>
  <testcase name="contextLoads" classname="com.vrms.ngo_posting_service.NgoPostingServiceApplicationTests" time="0.677">
    <system-out><![CDATA[01:43:20.407 [main] INFO org.springframework.test.context.support.AnnotationConfigContextLoaderUtils -- Could not detect default configuration classes for test class [com.vrms.ngo_posting_service.NgoPostingServiceApplicationTests]: NgoPostingServiceApplicationTests does not declare any static, non-private, non-final, nested classes annotated with @Configuration.
01:43:20.646 [main] INFO org.springframework.boot.test.context.SpringBootTestContextBootstrapper -- Found @SpringBootConfiguration com.vrms.ngo_posting_service.NgoPostingServiceApplication for test class com.vrms.ngo_posting_service.NgoPostingServiceApplicationTests

  .   ____          _            __ _ _
 /\\ / ___'_ __ _ _(_)_ __  __ _ \ \ \ \
( ( )\___ | '_ | '_| | '_ \/ _` | \ \ \ \
 \\/  ___)| |_)| | | | | || (_| |  ) ) ) )
  '  |____| .__|_| |_|_| |_\__, | / / / /
 =========|_|==============|___/=/_/_/_/

 :: Spring Boot ::                (v3.5.6)

2025-11-19T01:43:21.463+05:30  INFO 77322 --- [ngo-posting-service] [           main] c.v.n.NgoPostingServiceApplicationTests  : Starting NgoPostingServiceApplicationTests using Java 17.0.14 with PID 77322 (started by I529023 in /Users/I529023/Library/CloudStorage/OneDrive-SAPSE/Desktop/NGO-Postings-Service)
2025-11-19T01:43:21.464+05:30 DEBUG 77322 --- [ngo-posting-service] [           main] c.v.n.NgoPostingServiceApplicationTests  : Running with Spring Boot v3.5.6, Spring v6.2.11
2025-11-19T01:43:21.466+05:30  INFO 77322 --- [ngo-posting-service] [           main] c.v.n.NgoPostingServiceApplicationTests  : No active profile set, falling back to 1 default profile: "default"
2025-11-19T01:43:21.507+05:30 DEBUG 77322 --- [ngo-posting-service] [           main] o.s.w.c.s.GenericWebApplicationContext   : Refreshing org.springframework.web.context.support.GenericWebApplicationContext@7668d560
2025-11-19T01:43:23.278+05:30  INFO 77322 --- [ngo-posting-service] [           main] .s.d.r.c.RepositoryConfigurationDelegate : Bootstrapping Spring Data JPA repositories in DEFAULT mode.
2025-11-19T01:43:23.466+05:30  INFO 77322 --- [ngo-posting-service] [           main] .s.d.r.c.RepositoryConfigurationDelegate : Finished Spring Data repository scanning in 175 ms. Found 1 JPA repository interface.
2025-11-19T01:43:24.537+05:30  INFO 77322 --- [ngo-posting-service] [           main] o.hibernate.jpa.internal.util.LogHelper  : HHH000204: Processing PersistenceUnitInfo [name: default]
2025-11-19T01:43:24.608+05:30  INFO 77322 --- [ngo-posting-service] [           main] org.hibernate.Version                    : HHH000412: Hibernate ORM core version 6.6.29.Final
2025-11-19T01:43:24.657+05:30  INFO 77322 --- [ngo-posting-service] [           main] o.h.c.internal.RegionFactoryInitiator    : HHH000026: Second-level cache disabled
2025-11-19T01:43:24.946+05:30  INFO 77322 --- [ngo-posting-service] [           main] o.s.o.j.p.SpringPersistenceUnitInfo      : No LoadTimeWeaver setup: ignoring JPA class transformer
2025-11-19T01:43:24.981+05:30  INFO 77322 --- [ngo-posting-service] [           main] com.zaxxer.hikari.HikariDataSource       : HikariPool-1 - Starting...
2025-11-19T01:43:25.243+05:30  INFO 77322 --- [ngo-posting-service] [           main] com.zaxxer.hikari.pool.HikariPool        : HikariPool-1 - Added connection org.postgresql.jdbc.PgConnection@537b3be1
2025-11-19T01:43:25.244+05:30  INFO 77322 --- [ngo-posting-service] [           main] com.zaxxer.hikari.HikariDataSource       : HikariPool-1 - Start completed.
2025-11-19T01:43:25.326+05:30  INFO 77322 --- [ngo-posting-service] [           main] org.hibernate.orm.connections.pooling    : HHH10001005: Database info:
	Database JDBC URL [Connecting through datasource 'HikariDataSource (HikariPool-1)']
	Database driver: undefined/unknown
	Database version: 15.14
	Autocommit mode: undefined/unknown
	Isolation level: undefined/unknown
	Minimum pool size: undefined/unknown
	Maximum pool size: undefined/unknown
2025-11-19T01:43:26.668+05:30  INFO 77322 --- [ngo-posting-service] [           main] o.h.e.t.j.p.i.JtaPlatformInitiator       : HHH000489: No JTA platform available (set 'hibernate.transaction.jta.platform' to enable JTA platform integration)
2025-11-19T01:43:26.810+05:30  INFO 77322 --- [ngo-posting-service] [           main] j.LocalContainerEntityManagerFactoryBean : Initialized JPA EntityManagerFactory for persistence unit 'default'
2025-11-19T01:43:27.262+05:30  INFO 77322 --- [ngo-posting-service] [           main] o.s.d.j.r.query.QueryEnhancerFactory     : Hibernate is in classpath; If applicable, HQL parser will be used.
2025-11-19T01:43:29.847+05:30  WARN 77322 --- [ngo-posting-service] [           main] JpaBaseConfiguration$JpaWebConfiguration : spring.jpa.open-in-view is enabled by default. Therefore, database queries may be performed during view rendering. Explicitly configure spring.jpa.open-in-view to disable this warning
2025-11-19T01:43:30.099+05:30 DEBUG 77322 --- [ngo-posting-service] [           main] s.w.s.m.m.a.RequestMappingHandlerMapping : 14 mappings in 'requestMappingHandlerMapping'
2025-11-19T01:43:30.357+05:30 DEBUG 77322 --- [ngo-posting-service] [           main] o.s.w.s.handler.SimpleUrlHandlerMapping  : Patterns [/webjars/**, /**, /swagger-ui*/*swagger-initializer.js, /swagger-ui*/**] in 'resourceHandlerMapping'
2025-11-19T01:43:30.480+05:30  WARN 77322 --- [ngo-posting-service] [           main] .s.s.UserDetailsServiceAutoConfiguration : 

Using generated security password: 767e4e29-ccf7-48b3-b333-d4ad979b9625

This generated password is for development use only. Your security configuration must be updated before running your application in production.

2025-11-19T01:43:30.496+05:30  INFO 77322 --- [ngo-posting-service] [           main] r$InitializeUserDetailsManagerConfigurer : Global AuthenticationManager configured with UserDetailsService bean with name inMemoryUserDetailsManager
2025-11-19T01:43:30.615+05:30 DEBUG 77322 --- [ngo-posting-service] [           main] o.s.s.web.DefaultSecurityFilterChain     : Will secure any request with filters: DisableEncodeUrlFilter, WebAsyncManagerIntegrationFilter, SecurityContextHolderFilter, HeaderWriterFilter, LogoutFilter, JwtAuthenticationFilter, RequestCacheAwareFilter, SecurityContextHolderAwareRequestFilter, AnonymousAuthenticationFilter, SessionManagementFilter, ExceptionTranslationFilter, AuthorizationFilter
2025-11-19T01:43:30.881+05:30 DEBUG 77322 --- [ngo-posting-service] [           main] s.w.s.m.m.a.RequestMappingHandlerAdapter : ControllerAdvice beans: 0 @ModelAttribute, 0 @InitBinder, 1 RequestBodyAdvice, 1 ResponseBodyAdvice
2025-11-19T01:43:30.958+05:30 DEBUG 77322 --- [ngo-posting-service] [           main] .m.m.a.ExceptionHandlerExceptionResolver : ControllerAdvice beans: 2 @ExceptionHandler, 1 ResponseBodyAdvice
2025-11-19T01:43:31.253+05:30  INFO 77322 --- [ngo-posting-service] [           main] c.v.n.NgoPostingServiceApplicationTests  : Started NgoPostingServiceApplicationTests in 10.361 seconds (process running for 12.615)
]]></system-out>
  </testcase>
</testsuite>